<?xml version="1.0" encoding="UTF-8"?>
<!-- Generated by org.testng.reporters.JUnitXMLReporter -->
<testsuite hostname="LAPTOP-3QOCMFPH" ignored="0" name="Default test" tests="5" failures="0" timestamp="2020-08-19T12:37:07 IST" time="5.774" errors="0">
  <testcase name="getPosts" time="1.792" classname="tests.TestNGCRUD"/>
  <testcase name="getSpecifiedPost" time="0.764" classname="tests.TestNGCRUD"/>
  <testcase name="createpost" time="0.849" classname="tests.TestNGCRUD"/>
  <testcase name="updatepost" time="0.864" classname="tests.TestNGCRUD"/>
  <testcase name="deletepost" time="0.822" classname="tests.TestNGCRUD"/>
</testsuite> <!-- Default test -->
